<?xml version="1.0" encoding="UTF-8" standalone="no"?><?xml-stylesheet type="text/xsl" href="../lib/xsl/lexan.xsl"?><lexan><token kind="CONSTNUM" lexeme="1"><location loc="1.1 - 1.1"/></token><token kind="OR" lexeme="|"><location loc="1.3 - 1.3"/></token><token kind="CONSTNUM" lexeme="1"><location loc="1.5 - 1.5"/></token><token kind="AND" lexeme="&amp;"><location loc="1.7 - 1.7"/></token><token kind="CONSTNUM" lexeme="1"><location loc="1.9 - 1.9"/></token><token kind="EOF" lexeme=""/></lexan>