<?xml version="1.0" encoding="UTF-8" standalone="no"?><?xml-stylesheet type="text/xsl" href="../lib/xsl/lexan.xsl"?><lexan><token kind="TYP" lexeme="typ"><location loc="1.1 - 1.3"/></token><token kind="IDENTIFIER" lexeme="a"><location loc="1.5 - 1.5"/></token><token kind="ASSIGN" lexeme="="><location loc="1.7 - 1.7"/></token><token kind="INT" lexeme="int"><location loc="1.9 - 1.11"/></token><token kind="EOF" lexeme=""/></lexan>