<?xml version="1.0" encoding="UTF-8" standalone="no"?><?xml-stylesheet type="text/xsl" href="../lib/xsl/lexan.xsl"?><lexan><token kind="CONSTNUM" lexeme="123"><location loc="1.1 - 1.3"/></token><token kind="EOF" lexeme=""/></lexan>