<?xml version="1.0" encoding="UTF-8" standalone="no"?><?xml-stylesheet type="text/xsl" href="../lib/xsl/lexan.xsl"?><lexan><token kind="TYP" lexeme="typ"><location loc="1.1 - 1.3"/></token><token kind="IDENTIFIER" lexeme="a"><location loc="1.5 - 1.5"/></token><token kind="ASSIGN" lexeme="="><location loc="1.7 - 1.7"/></token><token kind="INT" lexeme="int"><location loc="1.9 - 1.11"/></token><token kind="TYP" lexeme="typ"><location loc="2.1 - 2.3"/></token><token kind="IDENTIFIER" lexeme="a"><location loc="2.5 - 2.5"/></token><token kind="ASSIGN" lexeme="="><location loc="2.7 - 2.7"/></token><token kind="INT" lexeme="int"><location loc="2.9 - 2.11"/></token><token kind="TYP" lexeme="typ"><location loc="3.1 - 3.3"/></token><token kind="IDENTIFIER" lexeme="a"><location loc="3.5 - 3.5"/></token><token kind="ASSIGN" lexeme="="><location loc="3.7 - 3.7"/></token><token kind="INT" lexeme="int"><location loc="3.9 - 3.11"/></token><token kind="TYP" lexeme="typ"><location loc="4.1 - 4.3"/></token><token kind="IDENTIFIER" lexeme="a"><location loc="4.5 - 4.5"/></token><token kind="ASSIGN" lexeme="="><location loc="4.7 - 4.7"/></token><token kind="INT" lexeme="int"><location loc="4.9 - 4.11"/></token><token kind="TYP" lexeme="typ"><location loc="5.1 - 5.3"/></token><token kind="IDENTIFIER" lexeme="a"><location loc="5.5 - 5.5"/></token><token kind="ASSIGN" lexeme="="><location loc="5.7 - 5.7"/></token><token kind="INT" lexeme="int"><location loc="5.9 - 5.11"/></token><token kind="EOF" lexeme=""/></lexan>