<?xml version="1.0" encoding="UTF-8" standalone="no"?><?xml-stylesheet type="text/xsl" href="../lib/xsl/synan.xsl"?><synan><node label="source"><node label="defs"><node label="def"><node label="expr"><node label="exprEntry"><node label="exprEntry"><node label="expr2nd"><node label="expr3rd"><node label="expr4th"><node label="expr5th"><node label="expr6th"><node label="expr7th"><node label="prim"><node label="exprEnd"><token kind="CONSTNUM" lexeme="1"><location loc="1.1 - 1.1"/></token></node></node></node></node></node></node></node></node></node><token kind="OR" lexeme="|"><location loc="1.3 - 1.3"/></token><node label="expr2nd"><node label="expr2nd"><node label="expr3rd"><node label="expr4th"><node label="expr5th"><node label="expr6th"><node label="expr7th"><node label="prim"><node label="exprEnd"><token kind="CONSTNUM" lexeme="1"><location loc="1.5 - 1.5"/></token></node></node></node></node></node></node></node></node><token kind="AND" lexeme="&amp;"><location loc="1.7 - 1.7"/></token><node label="expr3rd"><node label="expr4th"><node label="expr5th"><node label="expr6th"><node label="expr7th"><node label="prim"><node label="exprEnd"><token kind="CONSTNUM" lexeme="1"><location loc="1.9 - 1.9"/></token></node></node></node></node></node></node></node></node></node></node></node></node><token kind="EOF" lexeme=""/></node></synan>