<?xml version="1.0" encoding="UTF-8" standalone="no"?><?xml-stylesheet type="text/xsl" href="../lib/xsl/lexan.xsl"?><lexan><token kind="TYP" lexeme="typ"><location loc="1.1 - 1.3"/></token><token kind="INT" lexeme="int"><location loc="1.5 - 1.7"/></token><token kind="MINUS" lexeme="-"><location loc="1.9 - 1.9"/></token><token kind="CONSTNUM" lexeme="123"><location loc="1.10 - 1.12"/></token><token kind="IDENTIFIER" lexeme="integer"><location loc="2.1 - 2.7"/></token><token kind="ASSIGN" lexeme="="><location loc="2.9 - 2.9"/></token><token kind="NULL" lexeme="null"><location loc="2.11 - 2.14"/></token><token kind="BOOL" lexeme="bool"><location loc="3.1 - 3.4"/></token><token kind="IDENTIFIER" lexeme="neki"><location loc="3.6 - 3.9"/></token><token kind="TYP" lexeme="typ"><location loc="4.1 - 4.3"/></token><token kind="CONSTCHAR" lexeme="'a'"><location loc="4.5 - 4.7"/></token><token kind="CONSTSTR" lexeme="&quot;aaaaaaaaaaa&quot;"><location loc="5.1 - 5.13"/></token><token kind="CONSTSTR" lexeme="&quot;\0x41\0x41\0x41&quot;"><location loc="5.15 - 5.31"/></token><token kind="TYP" lexeme="typ"><location loc="6.1 - 6.3"/></token><token kind="CONSTCHAR" lexeme="'\''"><location loc="6.5 - 6.8"/></token><token kind="TYP" lexeme="typ"><location loc="6.10 - 6.12"/></token><token kind="CONSTCHAR" lexeme="'\\'"><location loc="6.14 - 6.17"/></token><token kind="CONSTCHAR" lexeme="'\0x20'"><location loc="7.1 - 7.7"/></token><token kind="CONSTCHAR" lexeme="'\0x3A'"><location loc="7.8 - 7.14"/></token><token kind="CONSTCHAR" lexeme="'\0x7E'"><location loc="7.15 - 7.21"/></token><token kind="EOF" lexeme=""/></lexan>